{"/home/vaju/Desktop/coverage-upload-action/src/runner.ts": {"path":"/home/vaju/Desktop/coverage-upload-action/src/runner.ts","statementMap":{"0":{"start":{"line":1,"column":0},"end":{"line":1,"column":26}},"1":{"start":{"line":3,"column":0},"end":{"line":3,"column":49}},"2":{"start":{"line":4,"column":0},"end":{"line":4,"column":40}},"3":{"start":{"line":5,"column":0},"end":{"line":5,"column":40}},"4":{"start":{"line":6,"column":0},"end":{"line":6,"column":57}},"5":{"start":{"line":7,"column":0},"end":{"line":7,"column":40}},"6":{"start":{"line":8,"column":0},"end":{"line":8,"column":51}},"7":{"start":{"line":12,"column":19},"end":{"line":38,"column":null}},"8":{"start":{"line":14,"column":21},"end":{"line":14,"column":29}},"9":{"start":{"line":15,"column":21},"end":{"line":15,"column":29}},"10":{"start":{"line":16,"column":21},"end":{"line":16,"column":31}},"11":{"start":{"line":17,"column":21},"end":{"line":17,"column":29}},"12":{"start":{"line":18,"column":21},"end":{"line":18,"column":31}},"13":{"start":{"line":22,"column":23},"end":{"line":22,"column":59}},"14":{"start":{"line":23,"column":4},"end":{"line":23,"column":68}},"15":{"start":{"line":27,"column":6},"end":{"line":27,"column":79}},"16":{"start":{"line":30,"column":24},"end":{"line":31,"column":null}},"17":{"start":{"line":35,"column":31},"end":{"line":35,"column":74}},"18":{"start":{"line":36,"column":4},"end":{"line":36,"column":66}},"19":{"start":{"line":12,"column":13},"end":{"line":38,"column":null}}},"fnMap":{"0":{"name":"(anonymous_2)","decl":{"start":{"line":13,"column":2},"end":{"line":13,"column":null}},"loc":{"start":{"line":18,"column":43},"end":{"line":19,"column":6}}},"1":{"name":"(anonymous_3)","decl":{"start":{"line":20,"column":2},"end":{"line":20,"column":7}},"loc":{"start":{"line":20,"column":11},"end":{"line":37,"column":3}}}},"branchMap":{},"s":{"0":1,"1":1,"2":1,"3":1,"4":1,"5":1,"6":1,"7":1,"8":1,"9":1,"10":1,"11":1,"12":1,"13":1,"14":1,"15":1,"16":1,"17":1,"18":1,"19":1},"f":{"0":1,"1":1},"b":{}}
,"/home/vaju/Desktop/coverage-upload-action/src/utils/config.ts": {"path":"/home/vaju/Desktop/coverage-upload-action/src/utils/config.ts","statementMap":{"0":{"start":{"line":1,"column":0},"end":{"line":1,"column":49}},"1":{"start":{"line":2,"column":0},"end":{"line":2,"column":44}},"2":{"start":{"line":3,"column":0},"end":{"line":3,"column":24}},"3":{"start":{"line":4,"column":0},"end":{"line":4,"column":33}},"4":{"start":{"line":5,"column":0},"end":{"line":5,"column":35}},"5":{"start":{"line":6,"column":0},"end":{"line":6,"column":34}},"6":{"start":{"line":8,"column":13},"end":{"line":10,"column":2}},"7":{"start":{"line":14,"column":19},"end":{"line":58,"column":null}},"8":{"start":{"line":15,"column":31},"end":{"line":15,"column":39}},"9":{"start":{"line":18,"column":4},"end":{"line":18,"column":57}},"10":{"start":{"line":19,"column":4},"end":{"line":19,"column":64}},"11":{"start":{"line":23,"column":4},"end":{"line":45,"column":null}},"12":{"start":{"line":24,"column":33},"end":{"line":24,"column":63}},"13":{"start":{"line":25,"column":6},"end":{"line":27,"column":8}},"14":{"start":{"line":28,"column":27},"end":{"line":28,"column":61}},"15":{"start":{"line":29,"column":6},"end":{"line":31,"column":8}},"16":{"start":{"line":32,"column":30},"end":{"line":32,"column":71}},"17":{"start":{"line":33,"column":6},"end":{"line":35,"column":8}},"18":{"start":{"line":36,"column":27},"end":{"line":36,"column":67}},"19":{"start":{"line":37,"column":6},"end":{"line":41,"column":8}},"20":{"start":{"line":42,"column":6},"end":{"line":42,"column":26}},"21":{"start":{"line":44,"column":6},"end":{"line":44,"column":27}},"22":{"start":{"line":49,"column":21},"end":{"line":49,"column":61}},"23":{"start":{"line":50,"column":23},"end":{"line":50,"column":42}},"24":{"start":{"line":51,"column":4},"end":{"line":55,"column":6}},"25":{"start":{"line":56,"column":4},"end":{"line":56,"column":22}},"26":{"start":{"line":14,"column":13},"end":{"line":58,"column":null}}},"fnMap":{"0":{"name":"(anonymous_3)","decl":{"start":{"line":15,"column":2},"end":{"line":15,"column":31}},"loc":{"start":{"line":15,"column":45},"end":{"line":15,"column":49}}},"1":{"name":"(anonymous_4)","decl":{"start":{"line":17,"column":2},"end":{"line":17,"column":26}},"loc":{"start":{"line":17,"column":26},"end":{"line":20,"column":3}}},"2":{"name":"(anonymous_5)","decl":{"start":{"line":22,"column":2},"end":{"line":22,"column":7}},"loc":{"start":{"line":22,"column":35},"end":{"line":46,"column":3}}},"3":{"name":"(anonymous_6)","decl":{"start":{"line":48,"column":2},"end":{"line":48,"column":7}},"loc":{"start":{"line":48,"column":24},"end":{"line":57,"column":3}}}},"branchMap":{"0":{"loc":{"start":{"line":32,"column":30},"end":{"line":32,"column":71}},"type":"binary-expr","locations":[{"start":{"line":32,"column":30},"end":{"line":32,"column":65}},{"start":{"line":32,"column":69},"end":{"line":32,"column":71}}]}},"s":{"0":1,"1":1,"2":1,"3":1,"4":1,"5":1,"6":1,"7":1,"8":0,"9":0,"10":0,"11":0,"12":0,"13":0,"14":0,"15":0,"16":0,"17":0,"18":0,"19":0,"20":0,"21":0,"22":0,"23":0,"24":0,"25":0,"26":1},"f":{"0":0,"1":0,"2":0,"3":0},"b":{"0":[0,0]}}
,"/home/vaju/Desktop/coverage-upload-action/src/utils/context.ts": {"path":"/home/vaju/Desktop/coverage-upload-action/src/utils/context.ts","statementMap":{"0":{"start":{"line":1,"column":0},"end":{"line":1,"column":49}},"1":{"start":{"line":2,"column":0},"end":{"line":2,"column":38}},"2":{"start":{"line":3,"column":0},"end":{"line":3,"column":42}},"3":{"start":{"line":4,"column":0},"end":{"line":4,"column":34}},"4":{"start":{"line":5,"column":0},"end":{"line":5,"column":33}},"5":{"start":{"line":6,"column":0},"end":{"line":6,"column":33}},"6":{"start":{"line":7,"column":0},"end":{"line":7,"column":32}},"7":{"start":{"line":11,"column":20},"end":{"line":34,"column":null}},"8":{"start":{"line":15,"column":4},"end":{"line":17,"column":null}},"9":{"start":{"line":16,"column":6},"end":{"line":16,"column":24}},"10":{"start":{"line":19,"column":4},"end":{"line":19,"column":40}},"11":{"start":{"line":20,"column":4},"end":{"line":20,"column":22}},"12":{"start":{"line":24,"column":4},"end":{"line":24,"column":30}},"13":{"start":{"line":28,"column":25},"end":{"line":28,"column":33}},"14":{"start":{"line":29,"column":15},"end":{"line":29,"column":23}},"15":{"start":{"line":30,"column":20},"end":{"line":30,"column":42}},"16":{"start":{"line":31,"column":4},"end":{"line":31,"column":29}},"17":{"start":{"line":32,"column":4},"end":{"line":32,"column":19}},"18":{"start":{"line":11,"column":13},"end":{"line":34,"column":null}}},"fnMap":{"0":{"name":"(anonymous_7)","decl":{"start":{"line":14,"column":2},"end":{"line":14,"column":7}},"loc":{"start":{"line":14,"column":16},"end":{"line":21,"column":3}}},"1":{"name":"(anonymous_8)","decl":{"start":{"line":23,"column":2},"end":{"line":23,"column":7}},"loc":{"start":{"line":23,"column":14},"end":{"line":25,"column":3}}},"2":{"name":"(anonymous_9)","decl":{"start":{"line":27,"column":2},"end":{"line":27,"column":7}},"loc":{"start":{"line":27,"column":23},"end":{"line":33,"column":3}}}},"branchMap":{"0":{"loc":{"start":{"line":15,"column":4},"end":{"line":17,"column":null}},"type":"if","locations":[{"start":{"line":15,"column":4},"end":{"line":17,"column":null}}]}},"s":{"0":1,"1":1,"2":1,"3":1,"4":1,"5":1,"6":1,"7":1,"8":0,"9":0,"10":0,"11":0,"12":0,"13":0,"14":0,"15":0,"16":0,"17":0,"18":1},"f":{"0":0,"1":0,"2":0},"b":{"0":[0]}}
,"/home/vaju/Desktop/coverage-upload-action/src/utils/coverage-finder.ts": {"path":"/home/vaju/Desktop/coverage-upload-action/src/utils/coverage-finder.ts","statementMap":{"0":{"start":{"line":5,"column":0},"end":{"line":5,"column":49}},"1":{"start":{"line":6,"column":0},"end":{"line":6,"column":48}},"2":{"start":{"line":7,"column":0},"end":{"line":7,"column":38}},"3":{"start":{"line":8,"column":0},"end":{"line":8,"column":28}},"4":{"start":{"line":14,"column":0},"end":{"line":14,"column":50}},"5":{"start":{"line":15,"column":0},"end":{"line":15,"column":34}},"6":{"start":{"line":16,"column":0},"end":{"line":16,"column":36}},"7":{"start":{"line":18,"column":13},"end":{"line":23,"column":2}},"8":{"start":{"line":24,"column":13},"end":{"line":29,"column":2}},"9":{"start":{"line":33,"column":27},"end":{"line":149,"column":null}},"10":{"start":{"line":35,"column":21},"end":{"line":35,"column":29}},"11":{"start":{"line":36,"column":21},"end":{"line":36,"column":29}},"12":{"start":{"line":37,"column":21},"end":{"line":37,"column":30}},"13":{"start":{"line":43,"column":24},"end":{"line":43,"column":60}},"14":{"start":{"line":44,"column":36},"end":{"line":53,"column":null}},"15":{"start":{"line":46,"column":34},"end":{"line":46,"column":78}},"16":{"start":{"line":47,"column":8},"end":{"line":51,"column":10}},"17":{"start":{"line":52,"column":8},"end":{"line":52,"column":39}},"18":{"start":{"line":56,"column":46},"end":{"line":61,"column":6}},"19":{"start":{"line":63,"column":4},"end":{"line":75,"column":null}},"20":{"start":{"line":64,"column":6},"end":{"line":74,"column":null}},"21":{"start":{"line":67,"column":8},"end":{"line":67,"column":77}},"22":{"start":{"line":68,"column":8},"end":{"line":68,"column":77}},"23":{"start":{"line":69,"column":8},"end":{"line":69,"column":73}},"24":{"start":{"line":70,"column":8},"end":{"line":73,"column":14}},"25":{"start":{"line":77,"column":4},"end":{"line":79,"column":7}},"26":{"start":{"line":81,"column":4},"end":{"line":81,"column":23}},"27":{"start":{"line":89,"column":21},"end":{"line":89,"column":61}},"28":{"start":{"line":90,"column":4},"end":{"line":90,"column":66}},"29":{"start":{"line":96,"column":31},"end":{"line":96,"column":46}},"30":{"start":{"line":97,"column":27},"end":{"line":97,"column":50}},"31":{"start":{"line":98,"column":29},"end":{"line":99,"column":null}},"32":{"start":{"line":99,"column":6},"end":{"line":99,"column":35}},"33":{"start":{"line":102,"column":33},"end":{"line":107,"column":null}},"34":{"start":{"line":104,"column":22},"end":{"line":104,"column":48}},"35":{"start":{"line":105,"column":34},"end":{"line":105,"column":52}},"36":{"start":{"line":106,"column":8},"end":{"line":106,"column":33}},"37":{"start":{"line":110,"column":18},"end":{"line":110,"column":33}},"38":{"start":{"line":112,"column":4},"end":{"line":112,"column":64}},"39":{"start":{"line":114,"column":40},"end":{"line":119,"column":null}},"40":{"start":{"line":116,"column":24},"end":{"line":116,"column":57}},"41":{"start":{"line":117,"column":25},"end":{"line":117,"column":59}},"42":{"start":{"line":118,"column":8},"end":{"line":118,"column":24}},"43":{"start":{"line":122,"column":44},"end":{"line":129,"column":6}},"44":{"start":{"line":131,"column":4},"end":{"line":145,"column":null}},"45":{"start":{"line":132,"column":6},"end":{"line":145,"column":null}},"46":{"start":{"line":135,"column":8},"end":{"line":145,"column":null}},"47":{"start":{"line":138,"column":10},"end":{"line":138,"column":80}},"48":{"start":{"line":139,"column":10},"end":{"line":139,"column":80}},"49":{"start":{"line":140,"column":10},"end":{"line":140,"column":76}},"50":{"start":{"line":141,"column":10},"end":{"line":144,"column":16}},"51":{"start":{"line":147,"column":4},"end":{"line":147,"column":30}},"52":{"start":{"line":33,"column":13},"end":{"line":149,"column":null}}},"fnMap":{"0":{"name":"(anonymous_8)","decl":{"start":{"line":34,"column":2},"end":{"line":34,"column":null}},"loc":{"start":{"line":37,"column":37},"end":{"line":38,"column":6}}},"1":{"name":"(anonymous_9)","decl":{"start":{"line":40,"column":2},"end":{"line":40,"column":7}},"loc":{"start":{"line":41,"column":42},"end":{"line":82,"column":3}}},"2":{"name":"(anonymous_10)","decl":{"start":{"line":45,"column":21},"end":{"line":45,"column":26}},"loc":{"start":{"line":45,"column":41},"end":{"line":53,"column":7}}},"3":{"name":"(anonymous_11)","decl":{"start":{"line":84,"column":10},"end":{"line":84,"column":15}},"loc":{"start":{"line":87,"column":34},"end":{"line":91,"column":3}}},"4":{"name":"(anonymous_12)","decl":{"start":{"line":93,"column":10},"end":{"line":93,"column":15}},"loc":{"start":{"line":94,"column":49},"end":{"line":148,"column":3}}},"5":{"name":"(anonymous_13)","decl":{"start":{"line":98,"column":52},"end":{"line":98,"column":53}},"loc":{"start":{"line":99,"column":6},"end":{"line":99,"column":35}}},"6":{"name":"(anonymous_14)","decl":{"start":{"line":103,"column":27},"end":{"line":103,"column":32}},"loc":{"start":{"line":103,"column":45},"end":{"line":107,"column":7}}},"7":{"name":"(anonymous_15)","decl":{"start":{"line":115,"column":16},"end":{"line":115,"column":21}},"loc":{"start":{"line":115,"column":31},"end":{"line":119,"column":7}}}},"branchMap":{},"s":{"0":1,"1":1,"2":1,"3":1,"4":1,"5":1,"6":1,"7":1,"8":1,"9":1,"10":0,"11":0,"12":0,"13":0,"14":0,"15":0,"16":0,"17":0,"18":0,"19":0,"20":0,"21":0,"22":0,"23":0,"24":0,"25":0,"26":0,"27":0,"28":0,"29":0,"30":0,"31":0,"32":0,"33":0,"34":0,"35":0,"36":0,"37":0,"38":0,"39":0,"40":0,"41":0,"42":0,"43":0,"44":0,"45":0,"46":0,"47":0,"48":0,"49":0,"50":0,"51":0,"52":1},"f":{"0":0,"1":0,"2":0,"3":0,"4":0,"5":0,"6":0,"7":0},"b":{}}
,"/home/vaju/Desktop/coverage-upload-action/src/utils/file-upload.ts": {"path":"/home/vaju/Desktop/coverage-upload-action/src/utils/file-upload.ts","statementMap":{"0":{"start":{"line":1,"column":0},"end":{"line":1,"column":49}},"1":{"start":{"line":2,"column":0},"end":{"line":2,"column":36}},"2":{"start":{"line":3,"column":0},"end":{"line":3,"column":34}},"3":{"start":{"line":4,"column":0},"end":{"line":4,"column":34}},"4":{"start":{"line":5,"column":0},"end":{"line":5,"column":44}},"5":{"start":{"line":6,"column":0},"end":{"line":6,"column":31}},"6":{"start":{"line":10,"column":25},"end":{"line":66,"column":null}},"7":{"start":{"line":14,"column":21},"end":{"line":14,"column":30}},"8":{"start":{"line":15,"column":21},"end":{"line":15,"column":29}},"9":{"start":{"line":18,"column":4},"end":{"line":18,"column":67}},"10":{"start":{"line":22,"column":28},"end":{"line":22,"column":53}},"11":{"start":{"line":23,"column":4},"end":{"line":23,"column":78}},"12":{"start":{"line":33,"column":17},"end":{"line":33,"column":49}},"13":{"start":{"line":34,"column":4},"end":{"line":34,"column":64}},"14":{"start":{"line":38,"column":25},"end":{"line":41,"column":6}},"15":{"start":{"line":43,"column":17},"end":{"line":46,"column":6}},"16":{"start":{"line":48,"column":27},"end":{"line":54,"column":6}},"17":{"start":{"line":56,"column":4},"end":{"line":61,"column":null}},"18":{"start":{"line":57,"column":20},"end":{"line":57,"column":52}},"19":{"start":{"line":58,"column":6},"end":{"line":58,"column":31}},"20":{"start":{"line":59,"column":6},"end":{"line":59,"column":54}},"21":{"start":{"line":60,"column":6},"end":{"line":60,"column":18}},"22":{"start":{"line":63,"column":26},"end":{"line":63,"column":53}},"23":{"start":{"line":64,"column":4},"end":{"line":64,"column":28}},"24":{"start":{"line":10,"column":13},"end":{"line":66,"column":null}}},"fnMap":{"0":{"name":"(anonymous_3)","decl":{"start":{"line":13,"column":2},"end":{"line":13,"column":null}},"loc":{"start":{"line":16,"column":18},"end":{"line":19,"column":3}}},"1":{"name":"(anonymous_4)","decl":{"start":{"line":21,"column":2},"end":{"line":21,"column":7}},"loc":{"start":{"line":21,"column":43},"end":{"line":24,"column":3}}},"2":{"name":"(anonymous_5)","decl":{"start":{"line":26,"column":10},"end":{"line":26,"column":15}},"loc":{"start":{"line":32,"column":3},"end":{"line":35,"column":3}}},"3":{"name":"(anonymous_6)","decl":{"start":{"line":37,"column":10},"end":{"line":37,"column":15}},"loc":{"start":{"line":37,"column":28},"end":{"line":65,"column":3}}}},"branchMap":{"0":{"loc":{"start":{"line":56,"column":4},"end":{"line":61,"column":null}},"type":"if","locations":[{"start":{"line":56,"column":4},"end":{"line":61,"column":null}}]}},"s":{"0":1,"1":1,"2":1,"3":1,"4":1,"5":1,"6":1,"7":0,"8":0,"9":0,"10":0,"11":0,"12":0,"13":0,"14":0,"15":0,"16":0,"17":0,"18":0,"19":0,"20":0,"21":0,"22":0,"23":0,"24":1},"f":{"0":0,"1":0,"2":0,"3":0},"b":{"0":[0]}}
,"/home/vaju/Desktop/coverage-upload-action/src/utils/logger.ts": {"path":"/home/vaju/Desktop/coverage-upload-action/src/utils/logger.ts","statementMap":{"0":{"start":{"line":1,"column":0},"end":{"line":1,"column":49}},"1":{"start":{"line":2,"column":0},"end":{"line":2,"column":38}},"2":{"start":{"line":6,"column":19},"end":{"line":10,"column":null}},"3":{"start":{"line":7,"column":2},"end":{"line":7,"column":18}},"4":{"start":{"line":8,"column":2},"end":{"line":8,"column":21}},"5":{"start":{"line":9,"column":2},"end":{"line":9,"column":21}},"6":{"start":{"line":6,"column":13},"end":{"line":10,"column":null}}},"fnMap":{"0":{"name":"(anonymous_7)","decl":{"start":{"line":6,"column":7},"end":{"line":6,"column":13}},"loc":{"start":{"line":6,"column":7},"end":{"line":10,"column":1}}}},"branchMap":{},"s":{"0":1,"1":1,"2":1,"3":0,"4":0,"5":0,"6":1},"f":{"0":0},"b":{}}
,"/home/vaju/Desktop/coverage-upload-action/src/utils/zipper.ts": {"path":"/home/vaju/Desktop/coverage-upload-action/src/utils/zipper.ts","statementMap":{"0":{"start":{"line":1,"column":0},"end":{"line":1,"column":49}},"1":{"start":{"line":2,"column":0},"end":{"line":2,"column":26}},"2":{"start":{"line":3,"column":0},"end":{"line":3,"column":53}},"3":{"start":{"line":4,"column":0},"end":{"line":4,"column":33}},"4":{"start":{"line":8,"column":19},"end":{"line":25,"column":null}},"5":{"start":{"line":10,"column":16},"end":{"line":10,"column":25}},"6":{"start":{"line":11,"column":27},"end":{"line":11,"column":64}},"7":{"start":{"line":12,"column":22},"end":{"line":12,"column":50}},"8":{"start":{"line":14,"column":4},"end":{"line":20,"column":6}},"9":{"start":{"line":16,"column":25},"end":{"line":16,"column":54}},"10":{"start":{"line":17,"column":25},"end":{"line":17,"column":49}},"11":{"start":{"line":18,"column":8},"end":{"line":18,"column":40}},"12":{"start":{"line":22,"column":4},"end":{"line":22,"column":46}},"13":{"start":{"line":23,"column":4},"end":{"line":23,"column":26}},"14":{"start":{"line":8,"column":13},"end":{"line":25,"column":null}}},"fnMap":{"0":{"name":"(anonymous_2)","decl":{"start":{"line":9,"column":2},"end":{"line":9,"column":7}},"loc":{"start":{"line":9,"column":49},"end":{"line":24,"column":3}}},"1":{"name":"(anonymous_3)","decl":{"start":{"line":15,"column":20},"end":{"line":15,"column":25}},"loc":{"start":{"line":15,"column":39},"end":{"line":19,"column":7}}}},"branchMap":{},"s":{"0":1,"1":1,"2":1,"3":1,"4":1,"5":0,"6":0,"7":0,"8":0,"9":0,"10":0,"11":0,"12":0,"13":0,"14":1},"f":{"0":0,"1":0},"b":{}}
}
