{"total": {"lines":{"total":158,"covered":59,"skipped":0,"pct":37.34},"statements":{"total":165,"covered":66,"skipped":0,"pct":40},"functions":{"total":24,"covered":2,"skipped":0,"pct":8.33},"branches":{"total":4,"covered":0,"skipped":0,"pct":0},"branchesTrue":{"total":0,"covered":0,"skipped":0,"pct":100}}
,"/home/vaju/Desktop/coverage-upload-action/src/runner.ts": {"lines":{"total":18,"covered":18,"skipped":0,"pct":100},"functions":{"total":2,"covered":2,"skipped":0,"pct":100},"statements":{"total":19,"covered":19,"skipped":0,"pct":100},"branches":{"total":0,"covered":0,"skipped":0,"pct":100}}
,"/home/vaju/Desktop/coverage-upload-action/src/utils/config.ts": {"lines":{"total":26,"covered":8,"skipped":0,"pct":30.76},"functions":{"total":4,"covered":0,"skipped":0,"pct":0},"statements":{"total":27,"covered":9,"skipped":0,"pct":33.33},"branches":{"total":2,"covered":0,"skipped":0,"pct":0}}
,"/home/vaju/Desktop/coverage-upload-action/src/utils/context.ts": {"lines":{"total":18,"covered":8,"skipped":0,"pct":44.44},"functions":{"total":3,"covered":0,"skipped":0,"pct":0},"statements":{"total":19,"covered":9,"skipped":0,"pct":47.36},"branches":{"total":1,"covered":0,"skipped":0,"pct":0}}
,"/home/vaju/Desktop/coverage-upload-action/src/utils/coverage-finder.ts": {"lines":{"total":52,"covered":10,"skipped":0,"pct":19.23},"functions":{"total":8,"covered":0,"skipped":0,"pct":0},"statements":{"total":53,"covered":11,"skipped":0,"pct":20.75},"branches":{"total":0,"covered":0,"skipped":0,"pct":100}}
,"/home/vaju/Desktop/coverage-upload-action/src/utils/file-upload.ts": {"lines":{"total":24,"covered":7,"skipped":0,"pct":29.16},"functions":{"total":4,"covered":0,"skipped":0,"pct":0},"statements":{"total":25,"covered":8,"skipped":0,"pct":32},"branches":{"total":1,"covered":0,"skipped":0,"pct":0}}
,"/home/vaju/Desktop/coverage-upload-action/src/utils/logger.ts": {"lines":{"total":6,"covered":3,"skipped":0,"pct":50},"functions":{"total":1,"covered":0,"skipped":0,"pct":0},"statements":{"total":7,"covered":4,"skipped":0,"pct":57.14},"branches":{"total":0,"covered":0,"skipped":0,"pct":100}}
,"/home/vaju/Desktop/coverage-upload-action/src/utils/zipper.ts": {"lines":{"total":14,"covered":5,"skipped":0,"pct":35.71},"functions":{"total":2,"covered":0,"skipped":0,"pct":0},"statements":{"total":15,"covered":6,"skipped":0,"pct":40},"branches":{"total":0,"covered":0,"skipped":0,"pct":100}}
}
